<?xml version="1.0" encoding="UTF-8"?>
<!-- Generated by org.testng.reporters.JUnitReportReporter -->
<testsuite skipped="0" hostname="DESKTOP-C7SRO4S" name="com.w2aTestCases.LoginTest" tests="1" failures="0" timestamp="13 May 2020 10:50:08 GMT" time="4.139" errors="0">
  <testcase name="loginTestCase" time="4.139" classname="com.w2aTestCases.LoginTest"/>
</testsuite> <!-- com.w2aTestCases.LoginTest -->
